<?xml version="1.0" encoding="UTF-8"?>
<!-- Generated by org.testng.reporters.JUnitXMLReporter -->
<testsuite ignored="0" hostname="LAPTOP-3BML8FHO" failures="0" tests="4" name="Test" time="28.258" errors="0" timestamp="2025-07-30T17:27:26 IST">
  <testcase classname="test.LoginTestClass" name="@BeforeMethod OpenBrowserforLogin" time="6.954">
    <failure type="org.openqa.selenium.NoSuchSessionException" message="WebDriver session does not exist, or is not active
Build info: version: &amp;apos;4.26.0&amp;apos;, revision: &amp;apos;8ccf0219d7&amp;apos;
System info: os.name: &amp;apos;Windows 11&amp;apos;, os.arch: &amp;apos;amd64&amp;apos;, os.version: &amp;apos;10.0&amp;apos;, java.version: &amp;apos;11.0.18&amp;apos;
Driver info: org.openqa.selenium.firefox.FirefoxDriver
Command: [920fdccf-8ba7-4b06-a359-83849328ae75, maximizeCurrentWindow {}]
Capabilities {acceptInsecureCerts: true, browserName: firefox, browserVersion: 141.0, moz:accessibilityChecks: false, moz:buildID: 20250717180000, moz:geckodriverVersion: 0.36.0, moz:headless: false, moz:platformVersion: 10.0, moz:processID: 10280, moz:profile: C:\Users\PRATIK~1\AppData\L..., moz:shutdownTimeout: 60000, moz:webdriverClick: true, moz:windowless: false, pageLoadStrategy: normal, platformName: windows, proxy: Proxy(), setWindowRect: true, strictFileInteractability: false, timeouts: {implicit: 0, pageLoad: 300000, script: 30000}, unhandledPromptBehavior: dismiss and notify, userAgent: Mozilla/5.0 (Windows NT 10....}
Session ID: 920fdccf-8ba7-4b06-a359-83849328ae75">
      <![CDATA[org.openqa.selenium.NoSuchSessionException: WebDriver session does not exist, or is not active
Build info: version: '4.26.0', revision: '8ccf0219d7'
System info: os.name: 'Windows 11', os.arch: 'amd64', os.version: '10.0', java.version: '11.0.18'
Driver info: org.openqa.selenium.firefox.FirefoxDriver
Command: [920fdccf-8ba7-4b06-a359-83849328ae75, maximizeCurrentWindow {}]
Capabilities {acceptInsecureCerts: true, browserName: firefox, browserVersion: 141.0, moz:accessibilityChecks: false, moz:buildID: 20250717180000, moz:geckodriverVersion: 0.36.0, moz:headless: false, moz:platformVersion: 10.0, moz:processID: 10280, moz:profile: C:\Users\PRATIK~1\AppData\L..., moz:shutdownTimeout: 60000, moz:webdriverClick: true, moz:windowless: false, pageLoadStrategy: normal, platformName: windows, proxy: Proxy(), setWindowRect: true, strictFileInteractability: false, timeouts: {implicit: 0, pageLoad: 300000, script: 30000}, unhandledPromptBehavior: dismiss and notify, userAgent: Mozilla/5.0 (Windows NT 10....}
Session ID: 920fdccf-8ba7-4b06-a359-83849328ae75
at org.openqa.selenium.remote.ErrorCodec.decode(ErrorCodec.java:167)
at org.openqa.selenium.remote.codec.w3c.W3CHttpResponseCodec.decode(W3CHttpResponseCodec.java:138)
at org.openqa.selenium.remote.codec.w3c.W3CHttpResponseCodec.decode(W3CHttpResponseCodec.java:50)
at org.openqa.selenium.remote.HttpCommandExecutor.execute(HttpCommandExecutor.java:190)
at org.openqa.selenium.remote.service.DriverCommandExecutor.invokeExecute(DriverCommandExecutor.java:216)
at org.openqa.selenium.remote.service.DriverCommandExecutor.execute(DriverCommandExecutor.java:174)
at org.openqa.selenium.remote.RemoteWebDriver.execute(RemoteWebDriver.java:545)
at org.openqa.selenium.remote.RemoteWebDriver.execute(RemoteWebDriver.java:618)
at org.openqa.selenium.remote.RemoteWebDriver.execute(RemoteWebDriver.java:622)
at org.openqa.selenium.remote.RemoteWebDriver$RemoteWebDriverOptions$RemoteWindow.maximize(RemoteWebDriver.java:1061)
at loginPage.BaseClass.OpenBrowser(BaseClass.java:15)
at test.LoginTestClass.OpenBrowserforLogin(LoginTestClass.java:21)
at java.base/java.util.ArrayList.forEach(ArrayList.java:1541)
... Removed 35 stack frames]]>
    </failure>
  </testcase> <!-- @BeforeMethod OpenBrowserforLogin -->
  <testcase classname="test.LoginTestClass" name="@AfterMethod closeBrowser" time="-1.753876646334E9">
    <skipped/>
  </testcase> <!-- @AfterMethod closeBrowser -->
  <testcase classname="test.LoginTestClass" name="@BeforeMethod OpenBrowserforLogin" time="-1.753876646336E9">
    <skipped/>
  </testcase> <!-- @BeforeMethod OpenBrowserforLogin -->
  <testcase classname="test.LoginTestClass" name="@AfterMethod closeBrowser" time="-1.753876646342E9">
    <skipped/>
  </testcase> <!-- @AfterMethod closeBrowser -->
  <testcase classname="test.LoginTestClass" name="@BeforeMethod OpenBrowserforLogin" time="-1.753876646344E9">
    <skipped/>
  </testcase> <!-- @BeforeMethod OpenBrowserforLogin -->
  <testcase classname="test.LoginTestClass" name="@AfterMethod closeBrowser" time="-1.75387664636E9">
    <skipped/>
  </testcase> <!-- @AfterMethod closeBrowser -->
  <testcase classname="test.LoginTestClass" name="Password_Masking_Unmasking" time="6.355"/>
  <testcase classname="test.LoginTestClass" name="ValidatePresenceOfPageObject" time="0.0">
    <skipped/>
  </testcase> <!-- ValidatePresenceOfPageObject -->
  <testcase classname="test.LoginTestClass" name="login_with_Random_Number" time="0.0">
    <skipped/>
  </testcase> <!-- login_with_Random_Number -->
  <testcase classname="test.LoginTestClass" name="login_with_blank_fields" time="0.0">
    <skipped/>
  </testcase> <!-- login_with_blank_fields -->
</testsuite> <!-- Test -->
